{"C:\\Vitor Martins\\Cases of Study\\GoStack\\gobarber\\gobarber-app\\src\\components\\Button\\index.tsx": {"path":"C:\\Vitor Martins\\Cases of Study\\GoStack\\gobarber\\gobarber-app\\src\\components\\Button\\index.tsx","statementMap":{"0":{"start":{"line":9,"column":38},"end":{"line":13,"column":1}},"1":{"start":{"line":10,"column":1},"end":{"line":12,"column":13}}},"fnMap":{"0":{"name":"(anonymous_0)","decl":{"start":{"line":9,"column":38},"end":{"line":9,"column":39}},"loc":{"start":{"line":10,"column":1},"end":{"line":12,"column":13}},"line":10}},"branchMap":{},"s":{"0":1,"1":1},"f":{"0":1},"b":{},"_coverageSchema":"1a1c01bbd47fc00a2c39e90264f33305004495a9","hash":"efa1a23bd31d371d7d09b2e5db7a5da037c37e48"}
,"C:\\Vitor Martins\\Cases of Study\\GoStack\\gobarber\\gobarber-app\\src\\components\\Input\\index.tsx": {"path":"C:\\Vitor Martins\\Cases of Study\\GoStack\\gobarber\\gobarber-app\\src\\components\\Input\\index.tsx","statementMap":{"0":{"start":{"line":20,"column":68},"end":{"line":75,"column":1}},"1":{"start":{"line":21,"column":25},"end":{"line":21,"column":42}},"2":{"start":{"line":22,"column":62},"end":{"line":22,"column":76}},"3":{"start":{"line":23,"column":23},"end":{"line":23,"column":73}},"4":{"start":{"line":25,"column":35},"end":{"line":25,"column":50}},"5":{"start":{"line":26,"column":33},"end":{"line":26,"column":48}},"6":{"start":{"line":28,"column":26},"end":{"line":30,"column":7}},"7":{"start":{"line":29,"column":2},"end":{"line":29,"column":20}},"8":{"start":{"line":32,"column":25},"end":{"line":36,"column":7}},"9":{"start":{"line":33,"column":2},"end":{"line":33,"column":21}},"10":{"start":{"line":35,"column":2},"end":{"line":35,"column":44}},"11":{"start":{"line":38,"column":1},"end":{"line":42,"column":4}},"12":{"start":{"line":38,"column":33},"end":{"line":42,"column":2}},"13":{"start":{"line":40,"column":3},"end":{"line":40,"column":34}},"14":{"start":{"line":44,"column":1},"end":{"line":58,"column":31}},"15":{"start":{"line":45,"column":2},"end":{"line":57,"column":4}},"16":{"start":{"line":50,"column":4},"end":{"line":50,"column":40}},"17":{"start":{"line":51,"column":4},"end":{"line":51,"column":57}},"18":{"start":{"line":54,"column":4},"end":{"line":54,"column":37}},"19":{"start":{"line":55,"column":4},"end":{"line":55,"column":35}},"20":{"start":{"line":59,"column":1},"end":{"line":74,"column":2}},"21":{"start":{"line":69,"column":5},"end":{"line":69,"column":40}}},"fnMap":{"0":{"name":"(anonymous_0)","decl":{"start":{"line":20,"column":68},"end":{"line":20,"column":69}},"loc":{"start":{"line":20,"column":121},"end":{"line":75,"column":1}},"line":20},"1":{"name":"(anonymous_1)","decl":{"start":{"line":28,"column":38},"end":{"line":28,"column":39}},"loc":{"start":{"line":28,"column":44},"end":{"line":30,"column":2}},"line":28},"2":{"name":"(anonymous_2)","decl":{"start":{"line":32,"column":37},"end":{"line":32,"column":38}},"loc":{"start":{"line":32,"column":43},"end":{"line":36,"column":2}},"line":32},"3":{"name":"(anonymous_3)","decl":{"start":{"line":38,"column":26},"end":{"line":38,"column":27}},"loc":{"start":{"line":38,"column":33},"end":{"line":42,"column":2}},"line":38},"4":{"name":"(anonymous_4)","decl":{"start":{"line":39,"column":2},"end":{"line":39,"column":3}},"loc":{"start":{"line":39,"column":10},"end":{"line":41,"column":3}},"line":39},"5":{"name":"(anonymous_5)","decl":{"start":{"line":44,"column":11},"end":{"line":44,"column":12}},"loc":{"start":{"line":44,"column":17},"end":{"line":58,"column":2}},"line":44},"6":{"name":"(anonymous_6)","decl":{"start":{"line":49,"column":3},"end":{"line":49,"column":4}},"loc":{"start":{"line":49,"column":37},"end":{"line":52,"column":4}},"line":49},"7":{"name":"(anonymous_7)","decl":{"start":{"line":53,"column":3},"end":{"line":53,"column":4}},"loc":{"start":{"line":53,"column":16},"end":{"line":56,"column":4}},"line":53},"8":{"name":"(anonymous_8)","decl":{"start":{"line":68,"column":18},"end":{"line":68,"column":19}},"loc":{"start":{"line":68,"column":29},"end":{"line":70,"column":5}},"line":68}},"branchMap":{"0":{"loc":{"start":{"line":20,"column":83},"end":{"line":20,"column":100}},"type":"default-arg","locations":[{"start":{"line":20,"column":98},"end":{"line":20,"column":100}}],"line":20},"1":{"loc":{"start":{"line":22,"column":23},"end":{"line":22,"column":40}},"type":"default-arg","locations":[{"start":{"line":22,"column":38},"end":{"line":22,"column":40}}],"line":22},"2":{"loc":{"start":{"line":61,"column":38},"end":{"line":61,"column":103}},"type":"cond-expr","locations":[{"start":{"line":61,"column":62},"end":{"line":61,"column":71}},{"start":{"line":61,"column":74},"end":{"line":61,"column":103}}],"line":61},"3":{"loc":{"start":{"line":61,"column":38},"end":{"line":61,"column":59}},"type":"binary-expr","locations":[{"start":{"line":61,"column":38},"end":{"line":61,"column":47}},{"start":{"line":61,"column":51},"end":{"line":61,"column":59}}],"line":61},"4":{"loc":{"start":{"line":61,"column":74},"end":{"line":61,"column":103}},"type":"cond-expr","locations":[{"start":{"line":61,"column":82},"end":{"line":61,"column":91}},{"start":{"line":61,"column":94},"end":{"line":61,"column":103}}],"line":61}},"s":{"0":1,"1":2,"2":2,"3":2,"4":2,"5":2,"6":2,"7":0,"8":2,"9":0,"10":0,"11":2,"12":1,"13":0,"14":2,"15":2,"16":0,"17":0,"18":0,"19":0,"20":2,"21":0},"f":{"0":2,"1":0,"2":0,"3":1,"4":0,"5":2,"6":0,"7":0,"8":0},"b":{"0":[2],"1":[2],"2":[0,2],"3":[2,2],"4":[0,2]},"_coverageSchema":"1a1c01bbd47fc00a2c39e90264f33305004495a9","hash":"0285453a78ad302eddc6cbc2790dd0c93df2d99b"}
,"C:\\Vitor Martins\\Cases of Study\\GoStack\\gobarber\\gobarber-app\\src\\hooks\\auth.tsx": {"path":"C:\\Vitor Martins\\Cases of Study\\GoStack\\gobarber\\gobarber-app\\src\\hooks\\auth.tsx","statementMap":{"0":{"start":{"line":32,"column":20},"end":{"line":32,"column":73}},"1":{"start":{"line":34,"column":31},"end":{"line":96,"column":1}},"2":{"start":{"line":36,"column":25},"end":{"line":36,"column":61}},"3":{"start":{"line":37,"column":32},"end":{"line":37,"column":46}},"4":{"start":{"line":39,"column":1},"end":{"line":54,"column":7}},"5":{"start":{"line":41,"column":25},"end":{"line":44,"column":5}},"6":{"start":{"line":45,"column":3},"end":{"line":48,"column":4}},"7":{"start":{"line":46,"column":4},"end":{"line":46,"column":61}},"8":{"start":{"line":47,"column":4},"end":{"line":47,"column":57}},"9":{"start":{"line":50,"column":3},"end":{"line":50,"column":20}},"10":{"start":{"line":53,"column":2},"end":{"line":53,"column":19}},"11":{"start":{"line":56,"column":16},"end":{"line":72,"column":7}},"12":{"start":{"line":57,"column":19},"end":{"line":60,"column":4}},"13":{"start":{"line":62,"column":26},"end":{"line":62,"column":39}},"14":{"start":{"line":64,"column":2},"end":{"line":67,"column":4}},"15":{"start":{"line":69,"column":2},"end":{"line":69,"column":56}},"16":{"start":{"line":71,"column":2},"end":{"line":71,"column":24}},"17":{"start":{"line":75,"column":17},"end":{"line":79,"column":7}},"18":{"start":{"line":76,"column":2},"end":{"line":76,"column":71}},"19":{"start":{"line":78,"column":2},"end":{"line":78,"column":26}},"20":{"start":{"line":81,"column":20},"end":{"line":88,"column":26}},"21":{"start":{"line":82,"column":2},"end":{"line":82,"column":68}},"22":{"start":{"line":84,"column":2},"end":{"line":87,"column":4}},"23":{"start":{"line":91,"column":1},"end":{"line":95,"column":2}},"24":{"start":{"line":99,"column":17},"end":{"line":99,"column":40}},"25":{"start":{"line":101,"column":1},"end":{"line":103,"column":2}},"26":{"start":{"line":102,"column":2},"end":{"line":102,"column":64}},"27":{"start":{"line":105,"column":1},"end":{"line":105,"column":15}}},"fnMap":{"0":{"name":"(anonymous_0)","decl":{"start":{"line":34,"column":31},"end":{"line":34,"column":32}},"loc":{"start":{"line":34,"column":47},"end":{"line":96,"column":1}},"line":34},"1":{"name":"(anonymous_1)","decl":{"start":{"line":39,"column":11},"end":{"line":39,"column":12}},"loc":{"start":{"line":39,"column":17},"end":{"line":54,"column":2}},"line":39},"2":{"name":"loadStorageData","decl":{"start":{"line":40,"column":17},"end":{"line":40,"column":32}},"loc":{"start":{"line":40,"column":50},"end":{"line":51,"column":3}},"line":40},"3":{"name":"(anonymous_3)","decl":{"start":{"line":56,"column":28},"end":{"line":56,"column":29}},"loc":{"start":{"line":56,"column":57},"end":{"line":72,"column":2}},"line":56},"4":{"name":"(anonymous_4)","decl":{"start":{"line":75,"column":29},"end":{"line":75,"column":30}},"loc":{"start":{"line":75,"column":41},"end":{"line":79,"column":2}},"line":75},"5":{"name":"(anonymous_5)","decl":{"start":{"line":81,"column":32},"end":{"line":81,"column":33}},"loc":{"start":{"line":81,"column":54},"end":{"line":88,"column":2}},"line":81},"6":{"name":"useAuth","decl":{"start":{"line":98,"column":9},"end":{"line":98,"column":16}},"loc":{"start":{"line":98,"column":36},"end":{"line":106,"column":1}},"line":98}},"branchMap":{"0":{"loc":{"start":{"line":45,"column":3},"end":{"line":48,"column":4}},"type":"if","locations":[{"start":{"line":45,"column":3},"end":{"line":48,"column":4}},{"start":{"line":45,"column":3},"end":{"line":48,"column":4}}],"line":45},"1":{"loc":{"start":{"line":45,"column":6},"end":{"line":45,"column":25}},"type":"binary-expr","locations":[{"start":{"line":45,"column":6},"end":{"line":45,"column":14}},{"start":{"line":45,"column":18},"end":{"line":45,"column":25}}],"line":45},"2":{"loc":{"start":{"line":101,"column":1},"end":{"line":103,"column":2}},"type":"if","locations":[{"start":{"line":101,"column":1},"end":{"line":103,"column":2}},{"start":{"line":101,"column":1},"end":{"line":103,"column":2}}],"line":101}},"s":{"0":1,"1":1,"2":0,"3":0,"4":0,"5":0,"6":0,"7":0,"8":0,"9":0,"10":0,"11":0,"12":0,"13":0,"14":0,"15":0,"16":0,"17":0,"18":0,"19":0,"20":0,"21":0,"22":0,"23":0,"24":1,"25":1,"26":0,"27":1},"f":{"0":0,"1":0,"2":0,"3":0,"4":0,"5":0,"6":1},"b":{"0":[0,0],"1":[0,0],"2":[0,1]},"_coverageSchema":"1a1c01bbd47fc00a2c39e90264f33305004495a9","hash":"f9dff07c248857ee917a5f0395ab2eeaebe811aa"}
,"C:\\Vitor Martins\\Cases of Study\\GoStack\\gobarber\\gobarber-app\\src\\pages\\AppointmentCreated\\index.tsx": {"path":"C:\\Vitor Martins\\Cases of Study\\GoStack\\gobarber\\gobarber-app\\src\\pages\\AppointmentCreated\\index.tsx","statementMap":{"0":{"start":{"line":18,"column":37},"end":{"line":47,"column":1}},"1":{"start":{"line":19,"column":17},"end":{"line":19,"column":32}},"2":{"start":{"line":20,"column":18},"end":{"line":20,"column":28}},"3":{"start":{"line":22,"column":21},"end":{"line":22,"column":42}},"4":{"start":{"line":24,"column":25},"end":{"line":31,"column":11}},"5":{"start":{"line":25,"column":2},"end":{"line":30,"column":4}},"6":{"start":{"line":33,"column":23},"end":{"line":35,"column":18}},"7":{"start":{"line":34,"column":2},"end":{"line":34,"column":100}},"8":{"start":{"line":37,"column":1},"end":{"line":46,"column":2}}},"fnMap":{"0":{"name":"(anonymous_0)","decl":{"start":{"line":18,"column":37},"end":{"line":18,"column":38}},"loc":{"start":{"line":18,"column":43},"end":{"line":47,"column":1}},"line":18},"1":{"name":"(anonymous_1)","decl":{"start":{"line":24,"column":37},"end":{"line":24,"column":38}},"loc":{"start":{"line":24,"column":43},"end":{"line":31,"column":2}},"line":24},"2":{"name":"(anonymous_2)","decl":{"start":{"line":33,"column":31},"end":{"line":33,"column":32}},"loc":{"start":{"line":33,"column":37},"end":{"line":35,"column":2}},"line":33}},"branchMap":{},"s":{"0":0,"1":0,"2":0,"3":0,"4":0,"5":0,"6":0,"7":0,"8":0},"f":{"0":0,"1":0,"2":0},"b":{}}
,"C:\\Vitor Martins\\Cases of Study\\GoStack\\gobarber\\gobarber-app\\src\\pages\\CreateAppointment\\index.tsx": {"path":"C:\\Vitor Martins\\Cases of Study\\GoStack\\gobarber\\gobarber-app\\src\\pages\\CreateAppointment\\index.tsx","statementMap":{"0":{"start":{"line":50,"column":36},"end":{"line":256,"column":1}},"1":{"start":{"line":51,"column":18},"end":{"line":51,"column":27}},"2":{"start":{"line":52,"column":15},"end":{"line":52,"column":25}},"3":{"start":{"line":53,"column":28},"end":{"line":53,"column":43}},"4":{"start":{"line":55,"column":21},"end":{"line":55,"column":48}},"5":{"start":{"line":57,"column":41},"end":{"line":57,"column":73}},"6":{"start":{"line":59,"column":45},"end":{"line":59,"column":60}},"7":{"start":{"line":61,"column":41},"end":{"line":61,"column":61}},"8":{"start":{"line":63,"column":41},"end":{"line":63,"column":52}},"9":{"start":{"line":65,"column":35},"end":{"line":65,"column":59}},"10":{"start":{"line":66,"column":49},"end":{"line":66,"column":81}},"11":{"start":{"line":68,"column":1},"end":{"line":74,"column":7}},"12":{"start":{"line":69,"column":2},"end":{"line":73,"column":4}},"13":{"start":{"line":70,"column":3},"end":{"line":70,"column":30}},"14":{"start":{"line":72,"column":3},"end":{"line":72,"column":21}},"15":{"start":{"line":76,"column":1},"end":{"line":86,"column":36}},"16":{"start":{"line":77,"column":2},"end":{"line":85,"column":4}},"17":{"start":{"line":84,"column":3},"end":{"line":84,"column":33}},"18":{"start":{"line":88,"column":22},"end":{"line":90,"column":13}},"19":{"start":{"line":89,"column":2},"end":{"line":89,"column":10}},"20":{"start":{"line":92,"column":29},"end":{"line":94,"column":7}},"21":{"start":{"line":93,"column":2},"end":{"line":93,"column":33}},"22":{"start":{"line":96,"column":33},"end":{"line":98,"column":7}},"23":{"start":{"line":97,"column":2},"end":{"line":97,"column":36}},"24":{"start":{"line":97,"column":29},"end":{"line":97,"column":35}},"25":{"start":{"line":100,"column":28},"end":{"line":108,"column":7}},"26":{"start":{"line":101,"column":2},"end":{"line":103,"column":3}},"27":{"start":{"line":102,"column":3},"end":{"line":102,"column":27}},"28":{"start":{"line":105,"column":2},"end":{"line":107,"column":3}},"29":{"start":{"line":106,"column":3},"end":{"line":106,"column":24}},"30":{"start":{"line":110,"column":29},"end":{"line":120,"column":19}},"31":{"start":{"line":111,"column":2},"end":{"line":119,"column":5}},"32":{"start":{"line":112,"column":25},"end":{"line":112,"column":34}},"33":{"start":{"line":114,"column":4},"end":{"line":118,"column":5}},"34":{"start":{"line":122,"column":31},"end":{"line":132,"column":19}},"35":{"start":{"line":123,"column":2},"end":{"line":131,"column":5}},"36":{"start":{"line":124,"column":25},"end":{"line":124,"column":35}},"37":{"start":{"line":126,"column":4},"end":{"line":130,"column":5}},"38":{"start":{"line":134,"column":26},"end":{"line":136,"column":7}},"39":{"start":{"line":135,"column":2},"end":{"line":135,"column":23}},"40":{"start":{"line":138,"column":33},"end":{"line":157,"column":61}},"41":{"start":{"line":139,"column":2},"end":{"line":156,"column":3}},"42":{"start":{"line":140,"column":16},"end":{"line":140,"column":38}},"43":{"start":{"line":141,"column":3},"end":{"line":141,"column":30}},"44":{"start":{"line":142,"column":3},"end":{"line":142,"column":21}},"45":{"start":{"line":144,"column":3},"end":{"line":147,"column":5}},"46":{"start":{"line":149,"column":3},"end":{"line":149,"column":57}},"47":{"start":{"line":152,"column":3},"end":{"line":155,"column":4}},"48":{"start":{"line":159,"column":1},"end":{"line":255,"column":2}},"49":{"start":{"line":175,"column":34},"end":{"line":175,"column":45}},"50":{"start":{"line":177,"column":7},"end":{"line":183,"column":27}},"51":{"start":{"line":178,"column":23},"end":{"line":178,"column":55}},"52":{"start":{"line":214,"column":8},"end":{"line":224,"column":15}},"53":{"start":{"line":219,"column":24},"end":{"line":219,"column":46}},"54":{"start":{"line":234,"column":8},"end":{"line":244,"column":15}},"55":{"start":{"line":237,"column":24},"end":{"line":237,"column":46}}},"fnMap":{"0":{"name":"(anonymous_0)","decl":{"start":{"line":50,"column":36},"end":{"line":50,"column":37}},"loc":{"start":{"line":50,"column":42},"end":{"line":256,"column":1}},"line":50},"1":{"name":"(anonymous_1)","decl":{"start":{"line":68,"column":11},"end":{"line":68,"column":12}},"loc":{"start":{"line":68,"column":17},"end":{"line":74,"column":2}},"line":68},"2":{"name":"(anonymous_2)","decl":{"start":{"line":69,"column":28},"end":{"line":69,"column":29}},"loc":{"start":{"line":69,"column":40},"end":{"line":71,"column":3}},"line":69},"3":{"name":"(anonymous_3)","decl":{"start":{"line":71,"column":5},"end":{"line":71,"column":6}},"loc":{"start":{"line":71,"column":16},"end":{"line":73,"column":3}},"line":71},"4":{"name":"(anonymous_4)","decl":{"start":{"line":76,"column":11},"end":{"line":76,"column":12}},"loc":{"start":{"line":76,"column":17},"end":{"line":86,"column":2}},"line":76},"5":{"name":"(anonymous_5)","decl":{"start":{"line":83,"column":10},"end":{"line":83,"column":11}},"loc":{"start":{"line":83,"column":22},"end":{"line":85,"column":3}},"line":83},"6":{"name":"(anonymous_6)","decl":{"start":{"line":88,"column":34},"end":{"line":88,"column":35}},"loc":{"start":{"line":88,"column":40},"end":{"line":90,"column":2}},"line":88},"7":{"name":"(anonymous_7)","decl":{"start":{"line":92,"column":41},"end":{"line":92,"column":42}},"loc":{"start":{"line":92,"column":65},"end":{"line":94,"column":2}},"line":92},"8":{"name":"(anonymous_8)","decl":{"start":{"line":96,"column":45},"end":{"line":96,"column":46}},"loc":{"start":{"line":96,"column":51},"end":{"line":98,"column":2}},"line":96},"9":{"name":"(anonymous_9)","decl":{"start":{"line":97,"column":20},"end":{"line":97,"column":21}},"loc":{"start":{"line":97,"column":29},"end":{"line":97,"column":35}},"line":97},"10":{"name":"(anonymous_10)","decl":{"start":{"line":100,"column":40},"end":{"line":100,"column":41}},"loc":{"start":{"line":100,"column":80},"end":{"line":108,"column":2}},"line":100},"11":{"name":"(anonymous_11)","decl":{"start":{"line":110,"column":37},"end":{"line":110,"column":38}},"loc":{"start":{"line":110,"column":43},"end":{"line":120,"column":2}},"line":110},"12":{"name":"(anonymous_12)","decl":{"start":{"line":112,"column":11},"end":{"line":112,"column":12}},"loc":{"start":{"line":112,"column":25},"end":{"line":112,"column":34}},"line":112},"13":{"name":"(anonymous_13)","decl":{"start":{"line":113,"column":8},"end":{"line":113,"column":9}},"loc":{"start":{"line":113,"column":33},"end":{"line":119,"column":4}},"line":113},"14":{"name":"(anonymous_14)","decl":{"start":{"line":122,"column":39},"end":{"line":122,"column":40}},"loc":{"start":{"line":122,"column":45},"end":{"line":132,"column":2}},"line":122},"15":{"name":"(anonymous_15)","decl":{"start":{"line":124,"column":11},"end":{"line":124,"column":12}},"loc":{"start":{"line":124,"column":25},"end":{"line":124,"column":35}},"line":124},"16":{"name":"(anonymous_16)","decl":{"start":{"line":125,"column":8},"end":{"line":125,"column":9}},"loc":{"start":{"line":125,"column":33},"end":{"line":131,"column":4}},"line":125},"17":{"name":"(anonymous_17)","decl":{"start":{"line":134,"column":38},"end":{"line":134,"column":39}},"loc":{"start":{"line":134,"column":56},"end":{"line":136,"column":2}},"line":134},"18":{"name":"(anonymous_18)","decl":{"start":{"line":138,"column":45},"end":{"line":138,"column":46}},"loc":{"start":{"line":138,"column":57},"end":{"line":157,"column":2}},"line":138},"19":{"name":"(anonymous_19)","decl":{"start":{"line":175,"column":20},"end":{"line":175,"column":21}},"loc":{"start":{"line":175,"column":34},"end":{"line":175,"column":45}},"line":175},"20":{"name":"(anonymous_20)","decl":{"start":{"line":176,"column":18},"end":{"line":176,"column":19}},"loc":{"start":{"line":177,"column":7},"end":{"line":183,"column":27}},"line":177},"21":{"name":"(anonymous_21)","decl":{"start":{"line":178,"column":17},"end":{"line":178,"column":18}},"loc":{"start":{"line":178,"column":23},"end":{"line":178,"column":55}},"line":178},"22":{"name":"(anonymous_22)","decl":{"start":{"line":213,"column":32},"end":{"line":213,"column":33}},"loc":{"start":{"line":214,"column":8},"end":{"line":224,"column":15}},"line":214},"23":{"name":"(anonymous_23)","decl":{"start":{"line":219,"column":18},"end":{"line":219,"column":19}},"loc":{"start":{"line":219,"column":24},"end":{"line":219,"column":46}},"line":219},"24":{"name":"(anonymous_24)","decl":{"start":{"line":233,"column":34},"end":{"line":233,"column":35}},"loc":{"start":{"line":234,"column":8},"end":{"line":244,"column":15}},"line":234},"25":{"name":"(anonymous_25)","decl":{"start":{"line":237,"column":18},"end":{"line":237,"column":19}},"loc":{"start":{"line":237,"column":24},"end":{"line":237,"column":46}},"line":237}},"branchMap":{"0":{"loc":{"start":{"line":101,"column":2},"end":{"line":103,"column":3}},"type":"if","locations":[{"start":{"line":101,"column":2},"end":{"line":103,"column":3}},{"start":{"line":101,"column":2},"end":{"line":103,"column":3}}],"line":101},"1":{"loc":{"start":{"line":105,"column":2},"end":{"line":107,"column":3}},"type":"if","locations":[{"start":{"line":105,"column":2},"end":{"line":107,"column":3}},{"start":{"line":105,"column":2},"end":{"line":107,"column":3}}],"line":105},"2":{"loc":{"start":{"line":181,"column":32},"end":{"line":181,"column":117}},"type":"cond-expr","locations":[{"start":{"line":181,"column":54},"end":{"line":181,"column":80}},{"start":{"line":181,"column":83},"end":{"line":181,"column":117}}],"line":181},"3":{"loc":{"start":{"line":193,"column":6},"end":{"line":201,"column":6}},"type":"binary-expr","locations":[{"start":{"line":193,"column":6},"end":{"line":193,"column":20}},{"start":{"line":194,"column":6},"end":{"line":200,"column":8}}],"line":193}},"s":{"0":0,"1":0,"2":0,"3":0,"4":0,"5":0,"6":0,"7":0,"8":0,"9":0,"10":0,"11":0,"12":0,"13":0,"14":0,"15":0,"16":0,"17":0,"18":0,"19":0,"20":0,"21":0,"22":0,"23":0,"24":0,"25":0,"26":0,"27":0,"28":0,"29":0,"30":0,"31":0,"32":0,"33":0,"34":0,"35":0,"36":0,"37":0,"38":0,"39":0,"40":0,"41":0,"42":0,"43":0,"44":0,"45":0,"46":0,"47":0,"48":0,"49":0,"50":0,"51":0,"52":0,"53":0,"54":0,"55":0},"f":{"0":0,"1":0,"2":0,"3":0,"4":0,"5":0,"6":0,"7":0,"8":0,"9":0,"10":0,"11":0,"12":0,"13":0,"14":0,"15":0,"16":0,"17":0,"18":0,"19":0,"20":0,"21":0,"22":0,"23":0,"24":0,"25":0},"b":{"0":[0,0],"1":[0,0],"2":[0,0],"3":[0,0]}}
,"C:\\Vitor Martins\\Cases of Study\\GoStack\\gobarber\\gobarber-app\\src\\pages\\Dashboard\\index.tsx": {"path":"C:\\Vitor Martins\\Cases of Study\\GoStack\\gobarber\\gobarber-app\\src\\pages\\Dashboard\\index.tsx","statementMap":{"0":{"start":{"line":31,"column":28},"end":{"line":95,"column":1}},"1":{"start":{"line":32,"column":35},"end":{"line":32,"column":59}},"2":{"start":{"line":33,"column":16},"end":{"line":33,"column":25}},"3":{"start":{"line":35,"column":20},"end":{"line":35,"column":35}},"4":{"start":{"line":37,"column":1},"end":{"line":43,"column":7}},"5":{"start":{"line":38,"column":2},"end":{"line":42,"column":4}},"6":{"start":{"line":39,"column":3},"end":{"line":39,"column":30}},"7":{"start":{"line":41,"column":3},"end":{"line":41,"column":21}},"8":{"start":{"line":45,"column":27},"end":{"line":48,"column":15}},"9":{"start":{"line":46,"column":2},"end":{"line":46,"column":21}},"10":{"start":{"line":50,"column":37},"end":{"line":52,"column":15}},"11":{"start":{"line":51,"column":2},"end":{"line":51,"column":45}},"12":{"start":{"line":54,"column":1},"end":{"line":94,"column":2}},"13":{"start":{"line":66,"column":32},"end":{"line":66,"column":43}},"14":{"start":{"line":72,"column":5},"end":{"line":90,"column":25}},"15":{"start":{"line":72,"column":39},"end":{"line":72,"column":79}}},"fnMap":{"0":{"name":"(anonymous_0)","decl":{"start":{"line":31,"column":28},"end":{"line":31,"column":29}},"loc":{"start":{"line":31,"column":34},"end":{"line":95,"column":1}},"line":31},"1":{"name":"(anonymous_1)","decl":{"start":{"line":37,"column":11},"end":{"line":37,"column":12}},"loc":{"start":{"line":37,"column":17},"end":{"line":43,"column":2}},"line":37},"2":{"name":"(anonymous_2)","decl":{"start":{"line":38,"column":28},"end":{"line":38,"column":29}},"loc":{"start":{"line":38,"column":40},"end":{"line":40,"column":3}},"line":38},"3":{"name":"(anonymous_3)","decl":{"start":{"line":40,"column":5},"end":{"line":40,"column":6}},"loc":{"start":{"line":40,"column":16},"end":{"line":42,"column":3}},"line":40},"4":{"name":"(anonymous_4)","decl":{"start":{"line":45,"column":39},"end":{"line":45,"column":40}},"loc":{"start":{"line":45,"column":45},"end":{"line":48,"column":2}},"line":45},"5":{"name":"(anonymous_5)","decl":{"start":{"line":50,"column":49},"end":{"line":50,"column":50}},"loc":{"start":{"line":50,"column":73},"end":{"line":52,"column":2}},"line":50},"6":{"name":"(anonymous_6)","decl":{"start":{"line":66,"column":18},"end":{"line":66,"column":19}},"loc":{"start":{"line":66,"column":32},"end":{"line":66,"column":43}},"line":66},"7":{"name":"(anonymous_7)","decl":{"start":{"line":71,"column":16},"end":{"line":71,"column":17}},"loc":{"start":{"line":72,"column":5},"end":{"line":90,"column":25}},"line":72},"8":{"name":"(anonymous_8)","decl":{"start":{"line":72,"column":33},"end":{"line":72,"column":34}},"loc":{"start":{"line":72,"column":39},"end":{"line":72,"column":79}},"line":72}},"branchMap":{"0":{"loc":{"start":{"line":74,"column":30},"end":{"line":74,"column":115}},"type":"cond-expr","locations":[{"start":{"line":74,"column":52},"end":{"line":74,"column":78}},{"start":{"line":74,"column":81},"end":{"line":74,"column":115}}],"line":74}},"s":{"0":0,"1":0,"2":0,"3":0,"4":0,"5":0,"6":0,"7":0,"8":0,"9":0,"10":0,"11":0,"12":0,"13":0,"14":0,"15":0},"f":{"0":0,"1":0,"2":0,"3":0,"4":0,"5":0,"6":0,"7":0,"8":0},"b":{"0":[0,0]}}
,"C:\\Vitor Martins\\Cases of Study\\GoStack\\gobarber\\gobarber-app\\src\\pages\\Profile\\index.tsx": {"path":"C:\\Vitor Martins\\Cases of Study\\GoStack\\gobarber\\gobarber-app\\src\\pages\\Profile\\index.tsx","statementMap":{"0":{"start":{"line":25,"column":25},"end":{"line":259,"column":1}},"1":{"start":{"line":26,"column":30},"end":{"line":26,"column":39}},"2":{"start":{"line":27,"column":17},"end":{"line":27,"column":42}},"3":{"start":{"line":28,"column":20},"end":{"line":28,"column":35}},"4":{"start":{"line":30,"column":59},"end":{"line":30,"column":74}},"5":{"start":{"line":32,"column":23},"end":{"line":32,"column":46}},"6":{"start":{"line":34,"column":29},"end":{"line":34,"column":52}},"7":{"start":{"line":35,"column":26},"end":{"line":35,"column":49}},"8":{"start":{"line":36,"column":33},"end":{"line":36,"column":56}},"9":{"start":{"line":38,"column":22},"end":{"line":107,"column":2}},"10":{"start":{"line":40,"column":3},"end":{"line":104,"column":4}},"11":{"start":{"line":41,"column":4},"end":{"line":41,"column":34}},"12":{"start":{"line":42,"column":19},"end":{"line":63,"column":6}},"13":{"start":{"line":49,"column":35},"end":{"line":49,"column":47}},"14":{"start":{"line":55,"column":36},"end":{"line":55,"column":48}},"15":{"start":{"line":65,"column":4},"end":{"line":67,"column":6}},"16":{"start":{"line":75,"column":8},"end":{"line":75,"column":12}},"17":{"start":{"line":77,"column":21},"end":{"line":87,"column":5}},"18":{"start":{"line":89,"column":21},"end":{"line":89,"column":56}},"19":{"start":{"line":91,"column":4},"end":{"line":91,"column":29}},"20":{"start":{"line":93,"column":4},"end":{"line":93,"column":48}},"21":{"start":{"line":94,"column":4},"end":{"line":94,"column":23}},"22":{"start":{"line":97,"column":4},"end":{"line":101,"column":5}},"23":{"start":{"line":98,"column":20},"end":{"line":98,"column":44}},"24":{"start":{"line":99,"column":5},"end":{"line":99,"column":39}},"25":{"start":{"line":100,"column":5},"end":{"line":100,"column":11}},"26":{"start":{"line":103,"column":4},"end":{"line":103,"column":103}},"27":{"start":{"line":109,"column":22},"end":{"line":111,"column":17}},"28":{"start":{"line":110,"column":2},"end":{"line":110,"column":21}},"29":{"start":{"line":114,"column":21},"end":{"line":116,"column":28}},"30":{"start":{"line":115,"column":2},"end":{"line":115,"column":51}},"31":{"start":{"line":118,"column":31},"end":{"line":129,"column":7}},"32":{"start":{"line":119,"column":2},"end":{"line":128,"column":4}},"33":{"start":{"line":126,"column":3},"end":{"line":126,"column":25}},"34":{"start":{"line":131,"column":32},"end":{"line":159,"column":26}},"35":{"start":{"line":132,"column":2},"end":{"line":158,"column":4}},"36":{"start":{"line":138,"column":4},"end":{"line":140,"column":5}},"37":{"start":{"line":139,"column":5},"end":{"line":139,"column":11}},"38":{"start":{"line":142,"column":4},"end":{"line":144,"column":5}},"39":{"start":{"line":143,"column":5},"end":{"line":143,"column":48}},"40":{"start":{"line":146,"column":17},"end":{"line":146,"column":31}},"41":{"start":{"line":148,"column":4},"end":{"line":152,"column":7}},"42":{"start":{"line":154,"column":24},"end":{"line":154,"column":61}},"43":{"start":{"line":156,"column":4},"end":{"line":156,"column":33}},"44":{"start":{"line":162,"column":1},"end":{"line":258,"column":2}},"45":{"start":{"line":185,"column":9},"end":{"line":185,"column":39}},"46":{"start":{"line":196,"column":9},"end":{"line":196,"column":42}},"47":{"start":{"line":208,"column":31},"end":{"line":208,"column":64}},"48":{"start":{"line":219,"column":31},"end":{"line":219,"column":71}},"49":{"start":{"line":230,"column":31},"end":{"line":230,"column":60}},"50":{"start":{"line":232,"column":30},"end":{"line":232,"column":59}}},"fnMap":{"0":{"name":"(anonymous_0)","decl":{"start":{"line":25,"column":25},"end":{"line":25,"column":26}},"loc":{"start":{"line":25,"column":31},"end":{"line":259,"column":1}},"line":25},"1":{"name":"(anonymous_1)","decl":{"start":{"line":39,"column":2},"end":{"line":39,"column":3}},"loc":{"start":{"line":39,"column":35},"end":{"line":105,"column":3}},"line":39},"2":{"name":"(anonymous_2)","decl":{"start":{"line":49,"column":10},"end":{"line":49,"column":11}},"loc":{"start":{"line":49,"column":35},"end":{"line":49,"column":47}},"line":49},"3":{"name":"(anonymous_3)","decl":{"start":{"line":55,"column":11},"end":{"line":55,"column":12}},"loc":{"start":{"line":55,"column":36},"end":{"line":55,"column":48}},"line":55},"4":{"name":"(anonymous_4)","decl":{"start":{"line":109,"column":34},"end":{"line":109,"column":35}},"loc":{"start":{"line":109,"column":40},"end":{"line":111,"column":2}},"line":109},"5":{"name":"(anonymous_5)","decl":{"start":{"line":114,"column":33},"end":{"line":114,"column":34}},"loc":{"start":{"line":114,"column":39},"end":{"line":116,"column":2}},"line":114},"6":{"name":"(anonymous_6)","decl":{"start":{"line":118,"column":43},"end":{"line":118,"column":44}},"loc":{"start":{"line":118,"column":49},"end":{"line":129,"column":2}},"line":118},"7":{"name":"(anonymous_7)","decl":{"start":{"line":125,"column":2},"end":{"line":125,"column":3}},"loc":{"start":{"line":125,"column":16},"end":{"line":127,"column":4}},"line":125},"8":{"name":"(anonymous_8)","decl":{"start":{"line":131,"column":44},"end":{"line":131,"column":45}},"loc":{"start":{"line":131,"column":50},"end":{"line":159,"column":2}},"line":131},"9":{"name":"(anonymous_9)","decl":{"start":{"line":137,"column":3},"end":{"line":137,"column":4}},"loc":{"start":{"line":137,"column":23},"end":{"line":157,"column":4}},"line":137},"10":{"name":"(anonymous_10)","decl":{"start":{"line":184,"column":25},"end":{"line":184,"column":26}},"loc":{"start":{"line":184,"column":31},"end":{"line":186,"column":9}},"line":184},"11":{"name":"(anonymous_11)","decl":{"start":{"line":195,"column":25},"end":{"line":195,"column":26}},"loc":{"start":{"line":195,"column":31},"end":{"line":197,"column":9}},"line":195},"12":{"name":"(anonymous_12)","decl":{"start":{"line":208,"column":25},"end":{"line":208,"column":26}},"loc":{"start":{"line":208,"column":31},"end":{"line":208,"column":64}},"line":208},"13":{"name":"(anonymous_13)","decl":{"start":{"line":219,"column":25},"end":{"line":219,"column":26}},"loc":{"start":{"line":219,"column":31},"end":{"line":219,"column":71}},"line":219},"14":{"name":"(anonymous_14)","decl":{"start":{"line":230,"column":25},"end":{"line":230,"column":26}},"loc":{"start":{"line":230,"column":31},"end":{"line":230,"column":60}},"line":230},"15":{"name":"(anonymous_15)","decl":{"start":{"line":232,"column":24},"end":{"line":232,"column":25}},"loc":{"start":{"line":232,"column":30},"end":{"line":232,"column":59}},"line":232}},"branchMap":{"0":{"loc":{"start":{"line":80,"column":9},"end":{"line":86,"column":10}},"type":"cond-expr","locations":[{"start":{"line":81,"column":8},"end":{"line":85,"column":7}},{"start":{"line":86,"column":8},"end":{"line":86,"column":10}}],"line":80},"1":{"loc":{"start":{"line":97,"column":4},"end":{"line":101,"column":5}},"type":"if","locations":[{"start":{"line":97,"column":4},"end":{"line":101,"column":5}},{"start":{"line":97,"column":4},"end":{"line":101,"column":5}}],"line":97},"2":{"loc":{"start":{"line":138,"column":4},"end":{"line":140,"column":5}},"type":"if","locations":[{"start":{"line":138,"column":4},"end":{"line":140,"column":5}},{"start":{"line":138,"column":4},"end":{"line":140,"column":5}}],"line":138},"3":{"loc":{"start":{"line":142,"column":4},"end":{"line":144,"column":5}},"type":"if","locations":[{"start":{"line":142,"column":4},"end":{"line":144,"column":5}},{"start":{"line":142,"column":4},"end":{"line":144,"column":5}}],"line":142},"4":{"loc":{"start":{"line":164,"column":53},"end":{"line":164,"column":97}},"type":"cond-expr","locations":[{"start":{"line":164,"column":77},"end":{"line":164,"column":86}},{"start":{"line":164,"column":88},"end":{"line":164,"column":97}}],"line":164},"5":{"loc":{"start":{"line":171,"column":27},"end":{"line":171,"column":104}},"type":"cond-expr","locations":[{"start":{"line":171,"column":45},"end":{"line":171,"column":67}},{"start":{"line":171,"column":70},"end":{"line":171,"column":104}}],"line":171}},"s":{"0":0,"1":0,"2":0,"3":0,"4":0,"5":0,"6":0,"7":0,"8":0,"9":0,"10":0,"11":0,"12":0,"13":0,"14":0,"15":0,"16":0,"17":0,"18":0,"19":0,"20":0,"21":0,"22":0,"23":0,"24":0,"25":0,"26":0,"27":0,"28":0,"29":0,"30":0,"31":0,"32":0,"33":0,"34":0,"35":0,"36":0,"37":0,"38":0,"39":0,"40":0,"41":0,"42":0,"43":0,"44":0,"45":0,"46":0,"47":0,"48":0,"49":0,"50":0},"f":{"0":0,"1":0,"2":0,"3":0,"4":0,"5":0,"6":0,"7":0,"8":0,"9":0,"10":0,"11":0,"12":0,"13":0,"14":0,"15":0},"b":{"0":[0,0],"1":[0,0],"2":[0,0],"3":[0,0],"4":[0,0],"5":[0,0]}}
,"C:\\Vitor Martins\\Cases of Study\\GoStack\\gobarber\\gobarber-app\\src\\pages\\SignIn\\index.tsx": {"path":"C:\\Vitor Martins\\Cases of Study\\GoStack\\gobarber\\gobarber-app\\src\\pages\\SignIn\\index.tsx","statementMap":{"0":{"start":{"line":21,"column":25},"end":{"line":107,"column":1}},"1":{"start":{"line":22,"column":17},"end":{"line":22,"column":42}},"2":{"start":{"line":23,"column":26},"end":{"line":23,"column":49}},"3":{"start":{"line":24,"column":20},"end":{"line":24,"column":35}},"4":{"start":{"line":25,"column":20},"end":{"line":25,"column":29}},"5":{"start":{"line":26,"column":22},"end":{"line":56,"column":2}},"6":{"start":{"line":28,"column":3},"end":{"line":53,"column":4}},"7":{"start":{"line":29,"column":4},"end":{"line":29,"column":34}},"8":{"start":{"line":30,"column":19},"end":{"line":35,"column":6}},"9":{"start":{"line":37,"column":4},"end":{"line":39,"column":6}},"10":{"start":{"line":41,"column":4},"end":{"line":44,"column":6}},"11":{"start":{"line":46,"column":4},"end":{"line":50,"column":5}},"12":{"start":{"line":47,"column":20},"end":{"line":47,"column":44}},"13":{"start":{"line":48,"column":5},"end":{"line":48,"column":39}},"14":{"start":{"line":49,"column":5},"end":{"line":49,"column":11}},"15":{"start":{"line":52,"column":4},"end":{"line":52,"column":97}},"16":{"start":{"line":57,"column":1},"end":{"line":106,"column":2}},"17":{"start":{"line":76,"column":9},"end":{"line":76,"column":42}},"18":{"start":{"line":84,"column":31},"end":{"line":84,"column":60}},"19":{"start":{"line":88,"column":30},"end":{"line":88,"column":59}},"20":{"start":{"line":100,"column":39},"end":{"line":100,"column":68}}},"fnMap":{"0":{"name":"(anonymous_0)","decl":{"start":{"line":21,"column":25},"end":{"line":21,"column":26}},"loc":{"start":{"line":21,"column":31},"end":{"line":107,"column":1}},"line":21},"1":{"name":"(anonymous_1)","decl":{"start":{"line":27,"column":2},"end":{"line":27,"column":3}},"loc":{"start":{"line":27,"column":34},"end":{"line":54,"column":3}},"line":27},"2":{"name":"(anonymous_2)","decl":{"start":{"line":75,"column":25},"end":{"line":75,"column":26}},"loc":{"start":{"line":75,"column":31},"end":{"line":77,"column":9}},"line":75},"3":{"name":"(anonymous_3)","decl":{"start":{"line":84,"column":25},"end":{"line":84,"column":26}},"loc":{"start":{"line":84,"column":31},"end":{"line":84,"column":60}},"line":84},"4":{"name":"(anonymous_4)","decl":{"start":{"line":88,"column":24},"end":{"line":88,"column":25}},"loc":{"start":{"line":88,"column":30},"end":{"line":88,"column":59}},"line":88},"5":{"name":"(anonymous_5)","decl":{"start":{"line":93,"column":31},"end":{"line":93,"column":32}},"loc":{"start":{"line":93,"column":37},"end":{"line":93,"column":39}},"line":93},"6":{"name":"(anonymous_6)","decl":{"start":{"line":100,"column":33},"end":{"line":100,"column":34}},"loc":{"start":{"line":100,"column":39},"end":{"line":100,"column":68}},"line":100}},"branchMap":{"0":{"loc":{"start":{"line":46,"column":4},"end":{"line":50,"column":5}},"type":"if","locations":[{"start":{"line":46,"column":4},"end":{"line":50,"column":5}},{"start":{"line":46,"column":4},"end":{"line":50,"column":5}}],"line":46},"1":{"loc":{"start":{"line":59,"column":53},"end":{"line":59,"column":97}},"type":"cond-expr","locations":[{"start":{"line":59,"column":77},"end":{"line":59,"column":86}},{"start":{"line":59,"column":88},"end":{"line":59,"column":97}}],"line":59}},"s":{"0":1,"1":1,"2":1,"3":1,"4":1,"5":1,"6":0,"7":0,"8":0,"9":0,"10":0,"11":0,"12":0,"13":0,"14":0,"15":0,"16":1,"17":0,"18":0,"19":0,"20":0},"f":{"0":1,"1":0,"2":0,"3":0,"4":0,"5":0,"6":0},"b":{"0":[0,0],"1":[1,0]},"_coverageSchema":"1a1c01bbd47fc00a2c39e90264f33305004495a9","hash":"c697bc54aa8852a9db5ded7c65e97e0a25519c1d"}
,"C:\\Vitor Martins\\Cases of Study\\GoStack\\gobarber\\gobarber-app\\src\\pages\\SignUp\\index.tsx": {"path":"C:\\Vitor Martins\\Cases of Study\\GoStack\\gobarber\\gobarber-app\\src\\pages\\SignUp\\index.tsx","statementMap":{"0":{"start":{"line":23,"column":25},"end":{"line":119,"column":1}},"1":{"start":{"line":24,"column":17},"end":{"line":24,"column":42}},"2":{"start":{"line":25,"column":20},"end":{"line":25,"column":35}},"3":{"start":{"line":27,"column":23},"end":{"line":27,"column":46}},"4":{"start":{"line":28,"column":26},"end":{"line":28,"column":49}},"5":{"start":{"line":30,"column":22},"end":{"line":61,"column":2}},"6":{"start":{"line":32,"column":3},"end":{"line":58,"column":4}},"7":{"start":{"line":33,"column":4},"end":{"line":33,"column":34}},"8":{"start":{"line":34,"column":19},"end":{"line":40,"column":6}},"9":{"start":{"line":42,"column":4},"end":{"line":44,"column":6}},"10":{"start":{"line":46,"column":4},"end":{"line":46,"column":34}},"11":{"start":{"line":47,"column":4},"end":{"line":47,"column":90}},"12":{"start":{"line":48,"column":4},"end":{"line":48,"column":23}},"13":{"start":{"line":51,"column":4},"end":{"line":55,"column":5}},"14":{"start":{"line":52,"column":20},"end":{"line":52,"column":44}},"15":{"start":{"line":53,"column":5},"end":{"line":53,"column":39}},"16":{"start":{"line":54,"column":5},"end":{"line":54,"column":11}},"17":{"start":{"line":57,"column":4},"end":{"line":57,"column":90}},"18":{"start":{"line":63,"column":1},"end":{"line":118,"column":2}},"19":{"start":{"line":80,"column":9},"end":{"line":80,"column":39}},"20":{"start":{"line":91,"column":9},"end":{"line":91,"column":42}},"21":{"start":{"line":102,"column":31},"end":{"line":102,"column":60}},"22":{"start":{"line":104,"column":30},"end":{"line":104,"column":59}},"23":{"start":{"line":112,"column":32},"end":{"line":112,"column":51}}},"fnMap":{"0":{"name":"(anonymous_0)","decl":{"start":{"line":23,"column":25},"end":{"line":23,"column":26}},"loc":{"start":{"line":23,"column":31},"end":{"line":119,"column":1}},"line":23},"1":{"name":"(anonymous_1)","decl":{"start":{"line":31,"column":2},"end":{"line":31,"column":3}},"loc":{"start":{"line":31,"column":34},"end":{"line":59,"column":3}},"line":31},"2":{"name":"(anonymous_2)","decl":{"start":{"line":79,"column":25},"end":{"line":79,"column":26}},"loc":{"start":{"line":79,"column":31},"end":{"line":81,"column":9}},"line":79},"3":{"name":"(anonymous_3)","decl":{"start":{"line":90,"column":25},"end":{"line":90,"column":26}},"loc":{"start":{"line":90,"column":31},"end":{"line":92,"column":9}},"line":90},"4":{"name":"(anonymous_4)","decl":{"start":{"line":102,"column":25},"end":{"line":102,"column":26}},"loc":{"start":{"line":102,"column":31},"end":{"line":102,"column":60}},"line":102},"5":{"name":"(anonymous_5)","decl":{"start":{"line":104,"column":24},"end":{"line":104,"column":25}},"loc":{"start":{"line":104,"column":30},"end":{"line":104,"column":59}},"line":104},"6":{"name":"(anonymous_6)","decl":{"start":{"line":112,"column":26},"end":{"line":112,"column":27}},"loc":{"start":{"line":112,"column":32},"end":{"line":112,"column":51}},"line":112}},"branchMap":{"0":{"loc":{"start":{"line":51,"column":4},"end":{"line":55,"column":5}},"type":"if","locations":[{"start":{"line":51,"column":4},"end":{"line":55,"column":5}},{"start":{"line":51,"column":4},"end":{"line":55,"column":5}}],"line":51},"1":{"loc":{"start":{"line":65,"column":53},"end":{"line":65,"column":97}},"type":"cond-expr","locations":[{"start":{"line":65,"column":77},"end":{"line":65,"column":86}},{"start":{"line":65,"column":88},"end":{"line":65,"column":97}}],"line":65}},"s":{"0":0,"1":0,"2":0,"3":0,"4":0,"5":0,"6":0,"7":0,"8":0,"9":0,"10":0,"11":0,"12":0,"13":0,"14":0,"15":0,"16":0,"17":0,"18":0,"19":0,"20":0,"21":0,"22":0,"23":0},"f":{"0":0,"1":0,"2":0,"3":0,"4":0,"5":0,"6":0},"b":{"0":[0,0],"1":[0,0]}}
}
